# JRE version: OpenJDK Runtime Environment (8.0_292-b10) (build 1.8.0_292-b10)
# Java VM: OpenJDK 64-Bit Server VM (25.292-b10 mixed mode windows-amd64 compressed oops)
Heap:
 PSYoungGen      total 92672K, used 30260K [0x000000076af00000, 0x0000000772c00000, 0x00000007c0000000)
  eden space 92160K, 32% used [0x000000076af00000,0x000000076cc8d260,0x0000000770900000)
  from space 512K, 0% used [0x0000000770900000,0x0000000770900000,0x0000000770980000)
  to   space 17920K, 0% used [0x0000000771a80000,0x0000000771a80000,0x0000000772c00000)
 ParOldGen       total 175104K, used 32101K [0x00000006c0c00000, 0x00000006cb700000, 0x000000076af00000)
  object space 175104K, 18% used [0x00000006c0c00000,0x00000006c2b59778,0x00000006cb700000)
 Metaspace       used 15552K, capacity 15808K, committed 16128K, reserved 1062912K
  class space    used 1581K, capacity 1667K, committed 1792K, reserved 1048576K
GC Heap History (10 events):
Event: 12.678 GC heap before
{Heap before GC invocations=22 (full 4):
 PSYoungGen      total 100352K, used 100000K [0x000000076af00000, 0x0000000773c80000, 0x00000007c0000000)
  eden space 99840K, 100% used [0x000000076af00000,0x0000000771080000,0x0000000771080000)
  from space 512K, 31% used [0x0000000771380000,0x00000007713a8000,0x0000000771400000)
  to   space 22528K, 0% used [0x0000000772680000,0x0000000772680000,0x0000000773c80000)
 ParOldGen       total 175104K, used 42625K [0x00000006c0c00000, 0x00000006cb700000, 0x000000076af00000)
  object space 175104K, 24% used [0x00000006c0c00000,0x00000006c35a07e8,0x00000006cb700000)
 Metaspace       used 15466K, capacity 15744K, committed 16128K, reserved 1062912K
  class space    used 1573K, capacity 1667K, committed 1792K, reserved 1048576K
Event: 12.680 GC heap after
Heap after GC invocations=22 (full 4):
 PSYoungGen      total 115200K, used 646K [0x000000076af00000, 0x0000000773800000, 0x00000007c0000000)
  eden space 97280K, 0% used [0x000000076af00000,0x000000076af00000,0x0000000770e00000)
  from space 17920K, 3% used [0x0000000772680000,0x0000000772721b78,0x0000000773800000)
  to   space 21504K, 0% used [0x0000000770e00000,0x0000000770e00000,0x0000000772300000)
 ParOldGen       total 175104K, used 42673K [0x00000006c0c00000, 0x00000006cb700000, 0x000000076af00000)
  object space 175104K, 24% used [0x00000006c0c00000,0x00000006c35ac7f8,0x00000006cb700000)
 Metaspace       used 15466K, capacity 15744K, committed 16128K, reserved 1062912K
  class space    used 1573K, capacity 1667K, committed 1792K, reserved 1048576K
}
Event: 13.439 GC heap before
{Heap before GC invocations=23 (full 4):
 PSYoungGen      total 115200K, used 97926K [0x000000076af00000, 0x0000000773800000, 0x00000007c0000000)
  eden space 97280K, 100% used [0x000000076af00000,0x0000000770e00000,0x0000000770e00000)
  from space 17920K, 3% used [0x0000000772680000,0x0000000772721b78,0x0000000773800000)
  to   space 21504K, 0% used [0x0000000770e00000,0x0000000770e00000,0x0000000772300000)
 ParOldGen       total 175104K, used 42673K [0x00000006c0c00000, 0x00000006cb700000, 0x000000076af00000)
  object space 175104K, 24% used [0x00000006c0c00000,0x00000006c35ac7f8,0x00000006cb700000)
 Metaspace       used 15473K, capacity 15744K, committed 16128K, reserved 1062912K
  class space    used 1573K, capacity 1667K, committed 1792K, reserved 1048576K
Event: 13.439 GC heap after
Heap after GC invocations=23 (full 4):
 PSYoungGen      total 95232K, used 224K [0x000000076af00000, 0x0000000773280000, 0x00000007c0000000)
  eden space 94720K, 0% used [0x000000076af00000,0x000000076af00000,0x0000000770b80000)
  from space 512K, 43% used [0x0000000770e00000,0x0000000770e38000,0x0000000770e80000)
  to   space 19968K, 0% used [0x0000000771f00000,0x0000000771f00000,0x0000000773280000)
 ParOldGen       total 175104K, used 43094K [0x00000006c0c00000, 0x00000006cb700000, 0x000000076af00000)
  object space 175104K, 24% used [0x00000006c0c00000,0x00000006c3615a38,0x00000006cb700000)
 Metaspace       used 15473K, capacity 15744K, committed 16128K, reserved 1062912K
  class space    used 1573K, capacity 1667K, committed 1792K, reserved 1048576K
}
Event: 14.167 GC heap before
{Heap before GC invocations=24 (full 4):
 PSYoungGen      total 95232K, used 94944K [0x000000076af00000, 0x0000000773280000, 0x00000007c0000000)
  eden space 94720K, 100% used [0x000000076af00000,0x0000000770b80000,0x0000000770b80000)
  from space 512K, 43% used [0x0000000770e00000,0x0000000770e38000,0x0000000770e80000)
  to   space 19968K, 0% used [0x0000000771f00000,0x0000000771f00000,0x0000000773280000)
 ParOldGen       total 175104K, used 43094K [0x00000006c0c00000, 0x00000006cb700000, 0x000000076af00000)
  object space 175104K, 24% used [0x00000006c0c00000,0x00000006c3615a38,0x00000006cb700000)
 Metaspace       used 15483K, capacity 15744K, committed 16128K, reserved 1062912K
  class space    used 1573K, capacity 1667K, committed 1792K, reserved 1048576K
Event: 14.167 GC heap after
Heap after GC invocations=24 (full 4):
 PSYoungGen      total 107520K, used 224K [0x000000076af00000, 0x0000000772e00000, 0x00000007c0000000)
  eden space 92160K, 0% used [0x000000076af00000,0x000000076af00000,0x0000000770900000)
  from space 15360K, 1% used [0x0000000771f00000,0x0000000771f38000,0x0000000772e00000)
  to   space 18944K, 0% used [0x0000000770900000,0x0000000770900000,0x0000000771b80000)
 ParOldGen       total 175104K, used 43166K [0x00000006c0c00000, 0x00000006cb700000, 0x000000076af00000)
  object space 175104K, 24% used [0x00000006c0c00000,0x00000006c3627a38,0x00000006cb700000)
 Metaspace       used 15483K, capacity 15744K, committed 16128K, reserved 1062912K
  class space    used 1573K, capacity 1667K, committed 1792K, reserved 1048576K
}
Event: 14.741 GC heap before
{Heap before GC invocations=25 (full 4):
 PSYoungGen      total 107520K, used 77364K [0x000000076af00000, 0x0000000772e00000, 0x00000007c0000000)
  eden space 92160K, 83% used [0x000000076af00000,0x000000076fa55158,0x0000000770900000)
  from space 15360K, 1% used [0x0000000771f00000,0x0000000771f38000,0x0000000772e00000)
  to   space 18944K, 0% used [0x0000000770900000,0x0000000770900000,0x0000000771b80000)
 ParOldGen       total 175104K, used 43166K [0x00000006c0c00000, 0x00000006cb700000, 0x000000076af00000)
  object space 175104K, 24% used [0x00000006c0c00000,0x00000006c3627a38,0x00000006cb700000)
 Metaspace       used 15529K, capacity 15808K, committed 16128K, reserved 1062912K
  class space    used 1577K, capacity 1667K, committed 1792K, reserved 1048576K
Event: 14.743 GC heap after
Heap after GC invocations=25 (full 4):
 PSYoungGen      total 92672K, used 320K [0x000000076af00000, 0x0000000772c00000, 0x00000007c0000000)
  eden space 92160K, 0% used [0x000000076af00000,0x000000076af00000,0x0000000770900000)
  from space 512K, 62% used [0x0000000770900000,0x0000000770950000,0x0000000770980000)
  to   space 17920K, 0% used [0x0000000771a80000,0x0000000771a80000,0x0000000772c00000)
 ParOldGen       total 175104K, used 43222K [0x00000006c0c00000, 0x00000006cb700000, 0x000000076af00000)
  object space 175104K, 24% used [0x00000006c0c00000,0x00000006c3635a38,0x00000006cb700000)
 Metaspace       used 15529K, capacity 15808K, committed 16128K, reserved 1062912K
  class space    used 1577K, capacity 1667K, committed 1792K, reserved 1048576K
}
Event: 14.743 GC heap before
{Heap before GC invocations=26 (full 5):
 PSYoungGen      total 92672K, used 320K [0x000000076af00000, 0x0000000772c00000, 0x00000007c0000000)
  eden space 92160K, 0% used [0x000000076af00000,0x000000076af00000,0x0000000770900000)
  from space 512K, 62% used [0x0000000770900000,0x0000000770950000,0x0000000770980000)
  to   space 17920K, 0% used [0x0000000771a80000,0x0000000771a80000,0x0000000772c00000)
 ParOldGen       total 175104K, used 43222K [0x00000006c0c00000, 0x00000006cb700000, 0x000000076af00000)
  object space 175104K, 24% used [0x00000006c0c00000,0x00000006c3635a38,0x00000006cb700000)
 Metaspace       used 15529K, capacity 15808K, committed 16128K, reserved 1062912K
  class space    used 1577K, capacity 1667K, committed 1792K, reserved 1048576K
Event: 14.766 GC heap after
Heap after GC invocations=26 (full 5):
 PSYoungGen      total 92672K, used 0K [0x000000076af00000, 0x0000000772c00000, 0x00000007c0000000)
  eden space 92160K, 0% used [0x000000076af00000,0x000000076af00000,0x0000000770900000)
  from space 512K, 0% used [0x0000000770900000,0x0000000770900000,0x0000000770980000)
  to   space 17920K, 0% used [0x0000000771a80000,0x0000000771a80000,0x0000000772c00000)
 ParOldGen       total 175104K, used 32101K [0x00000006c0c00000, 0x00000006cb700000, 0x000000076af00000)
  object space 175104K, 18% used [0x00000006c0c00000,0x00000006c2b59778,0x00000006cb700000)
 Metaspace       used 15529K, capacity 15808K, committed 16128K, reserved 1062912K
  class space    used 1577K, capacity 1667K, committed 1792K, reserved 1048576K
}

